-------------------------------------------------------------------------------
Test set: com.boot.ShipwreckControllerWebIntegrationTest
-------------------------------------------------------------------------------
Tests run: 1, Failures: 1, Errors: 0, Skipped: 0, Time elapsed: 4.768 s <<< FAILURE! - in com.boot.ShipwreckControllerWebIntegrationTest
testListAll(com.boot.ShipwreckControllerWebIntegrationTest)  Time elapsed: 0.071 s  <<< FAILURE!
java.lang.AssertionError: 

Expected: "[]"
     but: was "[{\"id\":1,\"name\":\"test shipwreck\",\"description\":\"British merchant boat in the Red Sea\",\"condition\":\"GOOD\",\"depth\":80,\"latitude\":23.0,\"longitude\":23.0,\"yearDiscovered\":2300}]"
	at com.boot.ShipwreckControllerWebIntegrationTest.testListAll(ShipwreckControllerWebIntegrationTest.java:35)

