<?xml version="1.0" encoding="UTF-8"?>
<testsuite xmlns:xsi="http://www.w3.org/2001/XMLSchema-instance" xsi:noNamespaceSchemaLocation="https://maven.apache.org/surefire/maven-surefire-plugin/xsd/surefire-test-report.xsd" name="com.boot.ShipwreckControllerWebIntegrationTest" time="4.768" tests="1" errors="0" skipped="0" failures="1">
  <properties>
[...]
</properties>
  <testcase name="testListAll" classname="com.boot.ShipwreckControllerWebIntegrationTest" time="0.071">
    <failure message="&#10;Expected: &quot;[]&quot;&#10;     but: was &quot;[{\&quot;id\&quot;:1,\&quot;name\&quot;:\&quot;test shipwreck\&quot;,\&quot;description\&quot;:\&quot;British merchant boat in the Red Sea\&quot;,\&quot;condition\&quot;:\&quot;GOOD\&quot;,\&quot;depth\&quot;:80,\&quot;latitude\&quot;:23.0,\&quot;longitude\&quot;:23.0,\&quot;yearDiscovered\&quot;:2300}]&quot;" type="java.lang.AssertionError">java.lang.AssertionError: 

Expected: "[]"
     but: was "[{\"id\":1,\"name\":\"test shipwreck\",\"description\":\"British merchant boat in the Red Sea\",\"condition\":\"GOOD\",\"depth\":80,\"latitude\":23.0,\"longitude\":23.0,\"yearDiscovered\":2300}]"
	at com.boot.ShipwreckControllerWebIntegrationTest.testListAll(ShipwreckControllerWebIntegrationTest.java:35)
</failure>
    <system-out><![CDATA[20:46:50.784 [main] DEBUG o.s.t.c.j.SpringJUnit4ClassRunner - SpringJUnit4ClassRunner constructor called with [class com.boot.ShipwreckControllerWebIntegrationTest]
20:46:50.787 [main] DEBUG o.s.test.context.BootstrapUtils - Instantiating CacheAwareContextLoaderDelegate from class [org.springframework.test.context.cache.DefaultCacheAwareContextLoaderDelegate]
20:46:50.791 [main] DEBUG o.s.test.context.BootstrapUtils - Instantiating BootstrapContext using constructor [public org.springframework.test.context.support.DefaultBootstrapContext(java.lang.Class,org.springframework.test.context.CacheAwareContextLoaderDelegate)]
20:46:50.801 [main] DEBUG o.s.test.context.BootstrapUtils - Instantiating TestContextBootstrapper for test class [com.boot.ShipwreckControllerWebIntegrationTest] from class [org.springframework.boot.test.WebAppIntegrationTestContextBootstrapper]
20:46:50.818 [main] DEBUG o.s.b.t.WebAppIntegrationTestContextBootstrapper - Found explicit ContextLoader class [org.springframework.boot.test.SpringApplicationContextLoader] for context configuration attributes [ContextConfigurationAttributes@30b7c004 declaringClass = 'com.boot.ShipwreckControllerWebIntegrationTest', classes = '{class com.boot.App}', locations = '{}', inheritLocations = true, initializers = '{}', inheritInitializers = true, name = [null], contextLoaderClass = 'org.springframework.boot.test.SpringApplicationContextLoader']
20:46:50.827 [main] DEBUG o.s.t.c.s.AbstractContextLoader - Did not detect default resource location for test class [com.boot.ShipwreckControllerWebIntegrationTest]: class path resource [com/boot/ShipwreckControllerWebIntegrationTest-context.xml] does not exist
20:46:50.828 [main] DEBUG o.s.t.c.s.AbstractContextLoader - Did not detect default resource location for test class [com.boot.ShipwreckControllerWebIntegrationTest]: class path resource [com/boot/ShipwreckControllerWebIntegrationTestContext.groovy] does not exist
20:46:50.828 [main] INFO  o.s.t.c.s.AbstractContextLoader - Could not detect default resource locations for test class [com.boot.ShipwreckControllerWebIntegrationTest]: no resource found for suffixes {-context.xml, Context.groovy}.
20:46:50.831 [main] DEBUG o.s.t.c.support.ActiveProfilesUtils - Could not find an 'annotation declaring class' for annotation type [org.springframework.test.context.ActiveProfiles] and class [com.boot.ShipwreckControllerWebIntegrationTest]
20:46:50.835 [main] DEBUG o.s.test.util.ReflectionTestUtils - Setting field 'propertySourceProperties' of type [null] on target object [[WebMergedContextConfiguration@1f3f4916 testClass = ShipwreckControllerWebIntegrationTest, locations = '{}', classes = '{class com.boot.App}', contextInitializerClasses = '[]', activeProfiles = '{}', propertySourceLocations = '{}', propertySourceProperties = '{}', resourceBasePath = '', contextLoader = 'org.springframework.boot.test.SpringApplicationContextLoader', parent = [null]]] or target class [class org.springframework.test.context.web.WebMergedContextConfiguration] to value [[Ljava.lang.String;@794cb805]
20:46:50.835 [main] DEBUG o.s.b.t.WebAppIntegrationTestContextBootstrapper - @TestExecutionListeners is not present for class [com.boot.ShipwreckControllerWebIntegrationTest]: using defaults.
20:46:50.840 [main] INFO  o.s.b.t.WebAppIntegrationTestContextBootstrapper - Loaded default TestExecutionListener class names from location [META-INF/spring.factories]: [org.springframework.test.context.web.ServletTestExecutionListener, org.springframework.test.context.support.DirtiesContextBeforeModesTestExecutionListener, org.springframework.test.context.support.DependencyInjectionTestExecutionListener, org.springframework.test.context.support.DirtiesContextTestExecutionListener, org.springframework.test.context.transaction.TransactionalTestExecutionListener, org.springframework.test.context.jdbc.SqlScriptsTestExecutionListener]
20:46:50.861 [main] INFO  o.s.b.t.WebAppIntegrationTestContextBootstrapper - Using TestExecutionListeners: [org.springframework.test.context.web.ServletTestExecutionListener@1725dc0f, org.springframework.test.context.support.DirtiesContextBeforeModesTestExecutionListener@3911c2a7, org.springframework.test.context.support.DependencyInjectionTestExecutionListener@4ac3c60d, org.springframework.test.context.support.DirtiesContextTestExecutionListener@4facf68f, org.springframework.test.context.transaction.TransactionalTestExecutionListener@76508ed1, org.springframework.test.context.jdbc.SqlScriptsTestExecutionListener@41e36e46]
20:46:50.864 [main] DEBUG o.s.t.annotation.ProfileValueUtils - Retrieved @ProfileValueSourceConfiguration [null] for test class [com.boot.ShipwreckControllerWebIntegrationTest]
20:46:50.865 [main] DEBUG o.s.t.annotation.ProfileValueUtils - Retrieved ProfileValueSource type [class org.springframework.test.annotation.SystemProfileValueSource] for class [com.boot.ShipwreckControllerWebIntegrationTest]
20:46:50.866 [main] DEBUG o.s.t.annotation.ProfileValueUtils - Retrieved @ProfileValueSourceConfiguration [null] for test class [com.boot.ShipwreckControllerWebIntegrationTest]
20:46:50.866 [main] DEBUG o.s.t.annotation.ProfileValueUtils - Retrieved ProfileValueSource type [class org.springframework.test.annotation.SystemProfileValueSource] for class [com.boot.ShipwreckControllerWebIntegrationTest]
20:46:50.867 [main] DEBUG o.s.t.annotation.ProfileValueUtils - Retrieved @ProfileValueSourceConfiguration [null] for test class [com.boot.ShipwreckControllerWebIntegrationTest]
20:46:50.867 [main] DEBUG o.s.t.annotation.ProfileValueUtils - Retrieved ProfileValueSource type [class org.springframework.test.annotation.SystemProfileValueSource] for class [com.boot.ShipwreckControllerWebIntegrationTest]
20:46:50.869 [main] DEBUG o.s.t.c.s.AbstractDirtiesContextTestExecutionListener - Before test class: context [DefaultTestContext@647e447 testClass = ShipwreckControllerWebIntegrationTest, testInstance = [null], testMethod = [null], testException = [null], mergedContextConfiguration = [WebMergedContextConfiguration@1f3f4916 testClass = ShipwreckControllerWebIntegrationTest, locations = '{}', classes = '{class com.boot.App}', contextInitializerClasses = '[]', activeProfiles = '{}', propertySourceLocations = '{}', propertySourceProperties = '{org.springframework.boot.test.IntegrationTest=true}', resourceBasePath = '', contextLoader = 'org.springframework.boot.test.SpringApplicationContextLoader', parent = [null]]], class annotated with @DirtiesContext [false] with mode [null].
20:46:50.869 [main] DEBUG o.s.t.annotation.ProfileValueUtils - Retrieved @ProfileValueSourceConfiguration [null] for test class [com.boot.ShipwreckControllerWebIntegrationTest]
20:46:50.869 [main] DEBUG o.s.t.annotation.ProfileValueUtils - Retrieved ProfileValueSource type [class org.springframework.test.annotation.SystemProfileValueSource] for class [com.boot.ShipwreckControllerWebIntegrationTest]
20:46:50.872 [main] DEBUG o.s.t.c.s.DependencyInjectionTestExecutionListener - Performing dependency injection for test context [[DefaultTestContext@647e447 testClass = ShipwreckControllerWebIntegrationTest, testInstance = com.boot.ShipwreckControllerWebIntegrationTest@68999068, testMethod = [null], testException = [null], mergedContextConfiguration = [WebMergedContextConfiguration@1f3f4916 testClass = ShipwreckControllerWebIntegrationTest, locations = '{}', classes = '{class com.boot.App}', contextInitializerClasses = '[]', activeProfiles = '{}', propertySourceLocations = '{}', propertySourceProperties = '{org.springframework.boot.test.IntegrationTest=true}', resourceBasePath = '', contextLoader = 'org.springframework.boot.test.SpringApplicationContextLoader', parent = [null]]]].
20:46:50.940 [main] DEBUG o.s.core.env.StandardEnvironment - Adding [systemProperties] PropertySource with lowest search precedence
20:46:50.940 [main] DEBUG o.s.core.env.StandardEnvironment - Adding [systemEnvironment] PropertySource with lowest search precedence
20:46:50.941 [main] DEBUG o.s.core.env.StandardEnvironment - Initialized StandardEnvironment with PropertySources [systemProperties,systemEnvironment]
20:46:50.941 [main] DEBUG o.s.core.env.StandardEnvironment - Adding [integrationTest] PropertySource with search precedence immediately lower than [systemEnvironment]

  .   ____          _            __ _ _
 /\\ / ___'_ __ _ _(_)_ __  __ _ \ \ \ \
( ( )\___ | '_ | '_| | '_ \/ _` | \ \ \ \
 \\/  ___)| |_)| | | | | || (_| |  ) ) ) )
  '  |____| .__|_| |_|_| |_\__, | / / / /
 =========|_|==============|___/=/_/_/_/
 :: Spring Boot ::        (v1.3.1.RELEASE)

2019-01-21 20:46:51.137 DEBUG 174948 --- [           main] o.s.w.c.s.StandardServletEnvironment     : Adding [servletConfigInitParams] PropertySource with lowest search precedence
2019-01-21 20:46:51.137 DEBUG 174948 --- [           main] o.s.w.c.s.StandardServletEnvironment     : Adding [servletContextInitParams] PropertySource with lowest search precedence
2019-01-21 20:46:51.141 DEBUG 174948 --- [           main] o.s.w.c.s.StandardServletEnvironment     : Adding [systemProperties] PropertySource with lowest search precedence
2019-01-21 20:46:51.141 DEBUG 174948 --- [           main] o.s.w.c.s.StandardServletEnvironment     : Adding [systemEnvironment] PropertySource with lowest search precedence
2019-01-21 20:46:51.141 DEBUG 174948 --- [           main] o.s.w.c.s.StandardServletEnvironment     : Initialized StandardServletEnvironment with PropertySources [servletConfigInitParams,servletContextInitParams,systemProperties,systemEnvironment]
2019-01-21 20:46:51.182  INFO 174948 --- [           main] .b.ShipwreckControllerWebIntegrationTest : Starting ShipwreckControllerWebIntegrationTest on YONGFANG-XPS with PID 174948 (C:\Users\yeyon\source\vscode\springBootProject\das-boot\target\test-classes started by yeyon in C:\Users\yeyon\source\vscode\springBootProject\das-boot)
2019-01-21 20:46:51.182  INFO 174948 --- [           main] .b.ShipwreckControllerWebIntegrationTest : No active profile set, falling back to default profiles: default
2019-01-21 20:46:51.214  INFO 174948 --- [           main] ationConfigEmbeddedWebApplicationContext : Refreshing org.springframework.boot.context.embedded.AnnotationConfigEmbeddedWebApplicationContext@957e06: startup date [Mon Jan 21 20:46:51 EST 2019]; root of context hierarchy
2019-01-21 20:46:51.909  INFO 174948 --- [           main] o.s.b.f.s.DefaultListableBeanFactory     : Overriding bean definition for bean 'beanNameViewResolver' with a different definition: replacing [Root bean: class [null]; scope=; abstract=false; lazyInit=false; autowireMode=3; dependencyCheck=0; autowireCandidate=true; primary=false; factoryBeanName=org.springframework.boot.autoconfigure.web.ErrorMvcAutoConfiguration$WhitelabelErrorViewConfiguration; factoryMethodName=beanNameViewResolver; initMethodName=null; destroyMethodName=(inferred); defined in class path resource [org/springframework/boot/autoconfigure/web/ErrorMvcAutoConfiguration$WhitelabelErrorViewConfiguration.class]] with [Root bean: class [null]; scope=; abstract=false; lazyInit=false; autowireMode=3; dependencyCheck=0; autowireCandidate=true; primary=false; factoryBeanName=org.springframework.boot.autoconfigure.web.WebMvcAutoConfiguration$WebMvcAutoConfigurationAdapter; factoryMethodName=beanNameViewResolver; initMethodName=null; destroyMethodName=(inferred); defined in class path resource [org/springframework/boot/autoconfigure/web/WebMvcAutoConfiguration$WebMvcAutoConfigurationAdapter.class]]
2019-01-21 20:46:52.244  INFO 174948 --- [           main] trationDelegate$BeanPostProcessorChecker : Bean 'org.springframework.transaction.annotation.ProxyTransactionManagementConfiguration' of type [class org.springframework.transaction.annotation.ProxyTransactionManagementConfiguration$$EnhancerBySpringCGLIB$$24dc761c] is not eligible for getting processed by all BeanPostProcessors (for example: not eligible for auto-proxying)
2019-01-21 20:46:52.726  INFO 174948 --- [           main] s.b.c.e.t.TomcatEmbeddedServletContainer : Tomcat initialized with port(s): 8080 (http)
2019-01-21 20:46:52.739  INFO 174948 --- [           main] o.apache.catalina.core.StandardService   : Starting service Tomcat
2019-01-21 20:46:52.740  INFO 174948 --- [           main] org.apache.catalina.core.StandardEngine  : Starting Servlet Engine: Apache Tomcat/8.0.30
2019-01-21 20:46:52.844  INFO 174948 --- [ost-startStop-1] o.a.c.c.C.[Tomcat].[localhost].[/]       : Initializing Spring embedded WebApplicationContext
2019-01-21 20:46:52.844 DEBUG 174948 --- [ost-startStop-1] o.s.web.context.ContextLoader            : Published root WebApplicationContext as ServletContext attribute with name [org.springframework.web.context.WebApplicationContext.ROOT]
2019-01-21 20:46:52.844  INFO 174948 --- [ost-startStop-1] o.s.web.context.ContextLoader            : Root WebApplicationContext: initialization completed in 1632 ms
2019-01-21 20:46:53.055 DEBUG 174948 --- [ost-startStop-1] o.s.w.c.s.StandardServletEnvironment     : Adding [servletConfigInitParams] PropertySource with lowest search precedence
2019-01-21 20:46:53.055 DEBUG 174948 --- [ost-startStop-1] o.s.w.c.s.StandardServletEnvironment     : Adding [servletContextInitParams] PropertySource with lowest search precedence
2019-01-21 20:46:53.056 DEBUG 174948 --- [ost-startStop-1] o.s.w.c.s.StandardServletEnvironment     : Adding [systemProperties] PropertySource with lowest search precedence
2019-01-21 20:46:53.056 DEBUG 174948 --- [ost-startStop-1] o.s.w.c.s.StandardServletEnvironment     : Adding [systemEnvironment] PropertySource with lowest search precedence
2019-01-21 20:46:53.057 DEBUG 174948 --- [ost-startStop-1] o.s.w.c.s.StandardServletEnvironment     : Initialized StandardServletEnvironment with PropertySources [servletConfigInitParams,servletContextInitParams,systemProperties,systemEnvironment]
2019-01-21 20:46:53.069 DEBUG 174948 --- [ost-startStop-1] o.s.w.c.s.StandardServletEnvironment     : Adding [servletConfigInitParams] PropertySource with lowest search precedence
2019-01-21 20:46:53.069 DEBUG 174948 --- [ost-startStop-1] o.s.w.c.s.StandardServletEnvironment     : Adding [servletContextInitParams] PropertySource with lowest search precedence
2019-01-21 20:46:53.069 DEBUG 174948 --- [ost-startStop-1] o.s.w.c.s.StandardServletEnvironment     : Adding [systemProperties] PropertySource with lowest search precedence
2019-01-21 20:46:53.069 DEBUG 174948 --- [ost-startStop-1] o.s.w.c.s.StandardServletEnvironment     : Adding [systemEnvironment] PropertySource with lowest search precedence
2019-01-21 20:46:53.070 DEBUG 174948 --- [ost-startStop-1] o.s.w.c.s.StandardServletEnvironment     : Initialized StandardServletEnvironment with PropertySources [servletConfigInitParams,servletContextInitParams,systemProperties,systemEnvironment]
2019-01-21 20:46:53.075 DEBUG 174948 --- [ost-startStop-1] o.s.w.c.s.StandardServletEnvironment     : Adding [servletConfigInitParams] PropertySource with lowest search precedence
2019-01-21 20:46:53.075 DEBUG 174948 --- [ost-startStop-1] o.s.w.c.s.StandardServletEnvironment     : Adding [servletContextInitParams] PropertySource with lowest search precedence
2019-01-21 20:46:53.075 DEBUG 174948 --- [ost-startStop-1] o.s.w.c.s.StandardServletEnvironment     : Adding [systemProperties] PropertySource with lowest search precedence
2019-01-21 20:46:53.075 DEBUG 174948 --- [ost-startStop-1] o.s.w.c.s.StandardServletEnvironment     : Adding [systemEnvironment] PropertySource with lowest search precedence
2019-01-21 20:46:53.075 DEBUG 174948 --- [ost-startStop-1] o.s.w.c.s.StandardServletEnvironment     : Initialized StandardServletEnvironment with PropertySources [servletConfigInitParams,servletContextInitParams,systemProperties,systemEnvironment]
2019-01-21 20:46:53.091 DEBUG 174948 --- [ost-startStop-1] o.s.w.c.s.StandardServletEnvironment     : Adding [servletConfigInitParams] PropertySource with lowest search precedence
2019-01-21 20:46:53.091 DEBUG 174948 --- [ost-startStop-1] o.s.w.c.s.StandardServletEnvironment     : Adding [servletContextInitParams] PropertySource with lowest search precedence
2019-01-21 20:46:53.091 DEBUG 174948 --- [ost-startStop-1] o.s.w.c.s.StandardServletEnvironment     : Adding [systemProperties] PropertySource with lowest search precedence
2019-01-21 20:46:53.092 DEBUG 174948 --- [ost-startStop-1] o.s.w.c.s.StandardServletEnvironment     : Adding [systemEnvironment] PropertySource with lowest search precedence
2019-01-21 20:46:53.092 DEBUG 174948 --- [ost-startStop-1] o.s.w.c.s.StandardServletEnvironment     : Initialized StandardServletEnvironment with PropertySources [servletConfigInitParams,servletContextInitParams,systemProperties,systemEnvironment]
2019-01-21 20:46:53.103  INFO 174948 --- [ost-startStop-1] o.s.b.c.e.ServletRegistrationBean        : Mapping servlet: 'dispatcherServlet' to [/]
2019-01-21 20:46:53.104  INFO 174948 --- [ost-startStop-1] o.s.b.c.e.ServletRegistrationBean        : Mapping servlet: 'webServlet' to [/h2/*]
2019-01-21 20:46:53.108  INFO 174948 --- [ost-startStop-1] o.s.b.c.embedded.FilterRegistrationBean  : Mapping filter: 'characterEncodingFilter' to: [/*]
2019-01-21 20:46:53.108  INFO 174948 --- [ost-startStop-1] o.s.b.c.embedded.FilterRegistrationBean  : Mapping filter: 'hiddenHttpMethodFilter' to: [/*]
2019-01-21 20:46:53.108  INFO 174948 --- [ost-startStop-1] o.s.b.c.embedded.FilterRegistrationBean  : Mapping filter: 'httpPutFormContentFilter' to: [/*]
2019-01-21 20:46:53.108  INFO 174948 --- [ost-startStop-1] o.s.b.c.embedded.FilterRegistrationBean  : Mapping filter: 'requestContextFilter' to: [/*]
2019-01-21 20:46:53.291  INFO 174948 --- [           main] o.f.core.internal.util.VersionPrinter    : Flyway 3.2.1 by Boxfuse
2019-01-21 20:46:53.480  INFO 174948 --- [           main] o.f.c.i.dbsupport.DbSupportFactory       : Database: jdbc:h2:file:~/dasboot (H2 1.4)
2019-01-21 20:46:53.525  INFO 174948 --- [           main] o.f.core.internal.command.DbValidate     : Validated 2 migrations (execution time 00:00.015s)
2019-01-21 20:46:53.539  INFO 174948 --- [           main] o.f.core.internal.command.DbMigrate      : Current version of schema "PUBLIC": 2
2019-01-21 20:46:53.540  INFO 174948 --- [           main] o.f.core.internal.command.DbMigrate      : Schema "PUBLIC" is up to date. No migration necessary.
2019-01-21 20:46:53.605  INFO 174948 --- [           main] j.LocalContainerEntityManagerFactoryBean : Building JPA container EntityManagerFactory for persistence unit 'default'
2019-01-21 20:46:53.619  INFO 174948 --- [           main] o.hibernate.jpa.internal.util.LogHelper  : HHH000204: Processing PersistenceUnitInfo [
	name: default
	...]
2019-01-21 20:46:53.767  INFO 174948 --- [           main] org.hibernate.Version                    : HHH000412: Hibernate Core {4.3.11.Final}
2019-01-21 20:46:53.769  INFO 174948 --- [           main] org.hibernate.cfg.Environment            : HHH000206: hibernate.properties not found
2019-01-21 20:46:53.770  INFO 174948 --- [           main] org.hibernate.cfg.Environment            : HHH000021: Bytecode provider name : javassist
2019-01-21 20:46:53.913  INFO 174948 --- [           main] o.hibernate.annotations.common.Version   : HCANN000001: Hibernate Commons Annotations {4.0.5.Final}
2019-01-21 20:46:53.941  WARN 174948 --- [           main] o.a.tomcat.jdbc.pool.ConnectionPool      : Database connection pool evicter thread interval is set to lower than 1 second.
2019-01-21 20:46:53.955  INFO 174948 --- [           main] org.hibernate.dialect.Dialect            : HHH000400: Using dialect: org.hibernate.dialect.H2Dialect
2019-01-21 20:46:54.034  INFO 174948 --- [           main] o.h.h.i.ast.ASTQueryTranslatorFactory    : HHH000397: Using ASTQueryTranslatorFactory
2019-01-21 20:46:54.037  WARN 174948 --- [           main] org.hibernate.cfg.SettingsFactory        : Unrecognized value for "hibernate.hbm2ddl.auto": false
2019-01-21 20:46:54.522  INFO 174948 --- [           main] s.w.s.m.m.a.RequestMappingHandlerAdapter : Looking for @ControllerAdvice: org.springframework.boot.context.embedded.AnnotationConfigEmbeddedWebApplicationContext@957e06: startup date [Mon Jan 21 20:46:51 EST 2019]; root of context hierarchy
2019-01-21 20:46:54.585 DEBUG 174948 --- [           main] s.w.s.m.m.a.RequestMappingHandlerMapping : Looking for request mappings in application context: org.springframework.boot.context.embedded.AnnotationConfigEmbeddedWebApplicationContext@957e06: startup date [Mon Jan 21 20:46:51 EST 2019]; root of context hierarchy
2019-01-21 20:46:54.594 DEBUG 174948 --- [           main] s.w.s.m.m.a.RequestMappingHandlerMapping : 1 request handler methods found on class com.boot.controller.HomeController: {public java.lang.String com.boot.controller.HomeController.home()={[/]}}
2019-01-21 20:46:54.594  INFO 174948 --- [           main] s.w.s.m.m.a.RequestMappingHandlerMapping : Mapped "{[/]}" onto public java.lang.String com.boot.controller.HomeController.home()
2019-01-21 20:46:54.596 DEBUG 174948 --- [           main] s.w.s.m.m.a.RequestMappingHandlerMapping : 5 request handler methods found on class com.boot.controller.ShipwreckController: {public com.boot.model.Shipwreck com.boot.controller.ShipwreckController.get(java.lang.Long)={[/api/v1/shipwrecks/{id}],methods=[GET]}, public com.boot.model.Shipwreck com.boot.controller.ShipwreckController.delete(java.lang.Long)={[/api/v1/shipwrecks/{id}],methods=[DELETE]}, public com.boot.model.Shipwreck com.boot.controller.ShipwreckController.create(com.boot.model.Shipwreck)={[/api/v1/shipwrecks],methods=[POST]}, public java.util.List com.boot.controller.ShipwreckController.list()={[/api/v1/shipwrecks],methods=[GET]}, public com.boot.model.Shipwreck com.boot.controller.ShipwreckController.list(java.lang.Long,com.boot.model.Shipwreck)={[/api/v1/shipwrecks/{id}],methods=[PUT]}}
2019-01-21 20:46:54.597  INFO 174948 --- [           main] s.w.s.m.m.a.RequestMappingHandlerMapping : Mapped "{[/api/v1/shipwrecks/{id}],methods=[GET]}" onto public com.boot.model.Shipwreck com.boot.controller.ShipwreckController.get(java.lang.Long)
2019-01-21 20:46:54.597  INFO 174948 --- [           main] s.w.s.m.m.a.RequestMappingHandlerMapping : Mapped "{[/api/v1/shipwrecks/{id}],methods=[DELETE]}" onto public com.boot.model.Shipwreck com.boot.controller.ShipwreckController.delete(java.lang.Long)
2019-01-21 20:46:54.597  INFO 174948 --- [           main] s.w.s.m.m.a.RequestMappingHandlerMapping : Mapped "{[/api/v1/shipwrecks],methods=[POST]}" onto public com.boot.model.Shipwreck com.boot.controller.ShipwreckController.create(com.boot.model.Shipwreck)
2019-01-21 20:46:54.598  INFO 174948 --- [           main] s.w.s.m.m.a.RequestMappingHandlerMapping : Mapped "{[/api/v1/shipwrecks],methods=[GET]}" onto public java.util.List<com.boot.model.Shipwreck> com.boot.controller.ShipwreckController.list()
2019-01-21 20:46:54.599  INFO 174948 --- [           main] s.w.s.m.m.a.RequestMappingHandlerMapping : Mapped "{[/api/v1/shipwrecks/{id}],methods=[PUT]}" onto public com.boot.model.Shipwreck com.boot.controller.ShipwreckController.list(java.lang.Long,com.boot.model.Shipwreck)
2019-01-21 20:46:54.601 DEBUG 174948 --- [           main] s.w.s.m.m.a.RequestMappingHandlerMapping : 2 request handler methods found on class org.springframework.boot.autoconfigure.web.BasicErrorController: {public org.springframework.http.ResponseEntity org.springframework.boot.autoconfigure.web.BasicErrorController.error(javax.servlet.http.HttpServletRequest)={[/error]}, public org.springframework.web.servlet.ModelAndView org.springframework.boot.autoconfigure.web.BasicErrorController.errorHtml(javax.servlet.http.HttpServletRequest,javax.servlet.http.HttpServletResponse)={[/error],produces=[text/html]}}
2019-01-21 20:46:54.601  INFO 174948 --- [           main] s.w.s.m.m.a.RequestMappingHandlerMapping : Mapped "{[/error]}" onto public org.springframework.http.ResponseEntity<java.util.Map<java.lang.String, java.lang.Object>> org.springframework.boot.autoconfigure.web.BasicErrorController.error(javax.servlet.http.HttpServletRequest)
2019-01-21 20:46:54.602  INFO 174948 --- [           main] s.w.s.m.m.a.RequestMappingHandlerMapping : Mapped "{[/error],produces=[text/html]}" onto public org.springframework.web.servlet.ModelAndView org.springframework.boot.autoconfigure.web.BasicErrorController.errorHtml(javax.servlet.http.HttpServletRequest,javax.servlet.http.HttpServletResponse)
2019-01-21 20:46:54.606  INFO 174948 --- [           main] o.s.w.s.c.a.WebMvcConfigurerAdapter      : Adding welcome page: class path resource [public/index.html]
2019-01-21 20:46:54.618  INFO 174948 --- [           main] o.s.w.s.handler.SimpleUrlHandlerMapping  : Root mapping to handler of type [class org.springframework.web.servlet.mvc.ParameterizableViewController]
2019-01-21 20:46:54.627 DEBUG 174948 --- [           main] o.s.w.s.h.BeanNameUrlHandlerMapping      : Looking for URL mappings in application context: org.springframework.boot.context.embedded.AnnotationConfigEmbeddedWebApplicationContext@957e06: startup date [Mon Jan 21 20:46:51 EST 2019]; root of context hierarchy
2019-01-21 20:46:54.627 DEBUG 174948 --- [           main] o.s.w.s.h.BeanNameUrlHandlerMapping      : Rejected bean name 'org.springframework.context.annotation.internalConfigurationAnnotationProcessor': no URL paths identified
2019-01-21 20:46:54.627 DEBUG 174948 --- [           main] o.s.w.s.h.BeanNameUrlHandlerMapping      : Rejected bean name 'org.springframework.context.annotation.internalAutowiredAnnotationProcessor': no URL paths identified
2019-01-21 20:46:54.627 DEBUG 174948 --- [           main] o.s.w.s.h.BeanNameUrlHandlerMapping      : Rejected bean name 'org.springframework.context.annotation.internalRequiredAnnotationProcessor': no URL paths identified
2019-01-21 20:46:54.627 DEBUG 174948 --- [           main] o.s.w.s.h.BeanNameUrlHandlerMapping      : Rejected bean name 'org.springframework.context.annotation.internalCommonAnnotationProcessor': no URL paths identified
2019-01-21 20:46:54.627 DEBUG 174948 --- [           main] o.s.w.s.h.BeanNameUrlHandlerMapping      : Rejected bean name 'org.springframework.context.annotation.internalPersistenceAnnotationProcessor': no URL paths identified
2019-01-21 20:46:54.628 DEBUG 174948 --- [           main] o.s.w.s.h.BeanNameUrlHandlerMapping      : Rejected bean name 'org.springframework.context.event.internalEventListenerProcessor': no URL paths identified
2019-01-21 20:46:54.628 DEBUG 174948 --- [           main] o.s.w.s.h.BeanNameUrlHandlerMapping      : Rejected bean name 'org.springframework.context.event.internalEventListenerFactory': no URL paths identified
2019-01-21 20:46:54.628 DEBUG 174948 --- [           main] o.s.w.s.h.BeanNameUrlHandlerMapping      : Rejected bean name 'app': no URL paths identified
2019-01-21 20:46:54.628 DEBUG 174948 --- [           main] o.s.w.s.h.BeanNameUrlHandlerMapping      : Rejected bean name 'org.springframework.context.annotation.ConfigurationClassPostProcessor.importAwareProcessor': no URL paths identified
2019-01-21 20:46:54.628 DEBUG 174948 --- [           main] o.s.w.s.h.BeanNameUrlHandlerMapping      : Rejected bean name 'org.springframework.context.annotation.ConfigurationClassPostProcessor.enhancedConfigurationProcessor': no URL paths identified
2019-01-21 20:46:54.628 DEBUG 174948 --- [           main] o.s.w.s.h.BeanNameUrlHandlerMapping      : Rejected bean name 'persistenceConfiguration': no URL paths identified
2019-01-21 20:46:54.628 DEBUG 174948 --- [           main] o.s.w.s.h.BeanNameUrlHandlerMapping      : Rejected bean name 'homeController': no URL paths identified
2019-01-21 20:46:54.628 DEBUG 174948 --- [           main] o.s.w.s.h.BeanNameUrlHandlerMapping      : Rejected bean name 'shipwreckController': no URL paths identified
2019-01-21 20:46:54.628 DEBUG 174948 --- [           main] o.s.w.s.h.BeanNameUrlHandlerMapping      : Rejected bean name 'dataSource': no URL paths identified
2019-01-21 20:46:54.628 DEBUG 174948 --- [           main] o.s.w.s.h.BeanNameUrlHandlerMapping      : Rejected bean name 'flywayDataSource': no URL paths identified
2019-01-21 20:46:54.628 DEBUG 174948 --- [           main] o.s.w.s.h.BeanNameUrlHandlerMapping      : Rejected bean name 'org.springframework.boot.autoconfigure.AutoConfigurationPackages': no URL paths identified
2019-01-21 20:46:54.628 DEBUG 174948 --- [           main] o.s.w.s.h.BeanNameUrlHandlerMapping      : Rejected bean name 'org.springframework.boot.autoconfigure.PropertyPlaceholderAutoConfiguration': no URL paths identified
2019-01-21 20:46:54.628 DEBUG 174948 --- [           main] o.s.w.s.h.BeanNameUrlHandlerMapping      : Rejected bean name 'org.springframework.boot.autoconfigure.condition.BeanTypeRegistry': no URL paths identified
2019-01-21 20:46:54.628 DEBUG 174948 --- [           main] o.s.w.s.h.BeanNameUrlHandlerMapping      : Rejected bean name 'propertySourcesPlaceholderConfigurer': no URL paths identified
2019-01-21 20:46:54.628 DEBUG 174948 --- [           main] o.s.w.s.h.BeanNameUrlHandlerMapping      : Rejected bean name 'org.springframework.boot.autoconfigure.websocket.WebSocketAutoConfiguration$TomcatWebSocketConfiguration': no URL paths identified
2019-01-21 20:46:54.628 DEBUG 174948 --- [           main] o.s.w.s.h.BeanNameUrlHandlerMapping      : Rejected bean name 'websocketContainerCustomizer': no URL paths identified
2019-01-21 20:46:54.628 DEBUG 174948 --- [           main] o.s.w.s.h.BeanNameUrlHandlerMapping      : Rejected bean name 'org.springframework.boot.autoconfigure.websocket.WebSocketAutoConfiguration': no URL paths identified
2019-01-21 20:46:54.628 DEBUG 174948 --- [           main] o.s.w.s.h.BeanNameUrlHandlerMapping      : Rejected bean name 'org.springframework.boot.autoconfigure.web.EmbeddedServletContainerAutoConfiguration$EmbeddedTomcat': no URL paths identified
2019-01-21 20:46:54.628 DEBUG 174948 --- [           main] o.s.w.s.h.BeanNameUrlHandlerMapping      : Rejected bean name 'tomcatEmbeddedServletContainerFactory': no URL paths identified
2019-01-21 20:46:54.628 DEBUG 174948 --- [           main] o.s.w.s.h.BeanNameUrlHandlerMapping      : Rejected bean name 'org.springframework.boot.autoconfigure.web.EmbeddedServletContainerAutoConfiguration': no URL paths identified
2019-01-21 20:46:54.628 DEBUG 174948 --- [           main] o.s.w.s.h.BeanNameUrlHandlerMapping      : Rejected bean name 'embeddedServletContainerCustomizerBeanPostProcessor': no URL paths identified
2019-01-21 20:46:54.628 DEBUG 174948 --- [           main] o.s.w.s.h.BeanNameUrlHandlerMapping      : Rejected bean name 'org.springframework.boot.autoconfigure.web.DispatcherServletAutoConfiguration$DispatcherServletConfiguration': no URL paths identified
2019-01-21 20:46:54.628 DEBUG 174948 --- [           main] o.s.w.s.h.BeanNameUrlHandlerMapping      : Rejected bean name 'dispatcherServlet': no URL paths identified
2019-01-21 20:46:54.629 DEBUG 174948 --- [           main] o.s.w.s.h.BeanNameUrlHandlerMapping      : Rejected bean name 'dispatcherServletRegistration': no URL paths identified
2019-01-21 20:46:54.629 DEBUG 174948 --- [           main] o.s.w.s.h.BeanNameUrlHandlerMapping      : Rejected bean name 'spring.mvc.CONFIGURATION_PROPERTIES': no URL paths identified
2019-01-21 20:46:54.629 DEBUG 174948 --- [           main] o.s.w.s.h.BeanNameUrlHandlerMapping      : Rejected bean name 'org.springframework.boot.context.properties.ConfigurationPropertiesBindingPostProcessor': no URL paths identified
2019-01-21 20:46:54.629 DEBUG 174948 --- [           main] o.s.w.s.h.BeanNameUrlHandlerMapping      : Rejected bean name 'org.springframework.boot.context.properties.ConfigurationPropertiesBindingPostProcessor.store': no URL paths identified
2019-01-21 20:46:54.629 DEBUG 174948 --- [           main] o.s.w.s.h.BeanNameUrlHandlerMapping      : Rejected bean name 'org.springframework.boot.autoconfigure.web.DispatcherServletAutoConfiguration': no URL paths identified
2019-01-21 20:46:54.629 DEBUG 174948 --- [           main] o.s.w.s.h.BeanNameUrlHandlerMapping      : Rejected bean name 'org.springframework.boot.autoconfigure.web.ErrorMvcAutoConfiguration$WhitelabelErrorViewConfiguration': no URL paths identified
2019-01-21 20:46:54.629 DEBUG 174948 --- [           main] o.s.w.s.h.BeanNameUrlHandlerMapping      : Rejected bean name 'error': no URL paths identified
2019-01-21 20:46:54.629 DEBUG 174948 --- [           main] o.s.w.s.h.BeanNameUrlHandlerMapping      : Rejected bean name 'beanNameViewResolver': no URL paths identified
2019-01-21 20:46:54.629 DEBUG 174948 --- [           main] o.s.w.s.h.BeanNameUrlHandlerMapping      : Rejected bean name 'org.springframework.boot.autoconfigure.web.ErrorMvcAutoConfiguration': no URL paths identified
2019-01-21 20:46:54.629 DEBUG 174948 --- [           main] o.s.w.s.h.BeanNameUrlHandlerMapping      : Rejected bean name 'errorAttributes': no URL paths identified
2019-01-21 20:46:54.629 DEBUG 174948 --- [           main] o.s.w.s.h.BeanNameUrlHandlerMapping      : Rejected bean name 'basicErrorController': no URL paths identified
2019-01-21 20:46:54.629 DEBUG 174948 --- [           main] o.s.w.s.h.BeanNameUrlHandlerMapping      : Rejected bean name 'errorPageCustomizer': no URL paths identified
2019-01-21 20:46:54.629 DEBUG 174948 --- [           main] o.s.w.s.h.BeanNameUrlHandlerMapping      : Rejected bean name 'preserveErrorControllerTargetClassPostProcessor': no URL paths identified
2019-01-21 20:46:54.629 DEBUG 174948 --- [           main] o.s.w.s.h.BeanNameUrlHandlerMapping      : Rejected bean name 'org.springframework.boot.autoconfigure.web.WebMvcAutoConfiguration$EnableWebMvcConfiguration': no URL paths identified
2019-01-21 20:46:54.629 DEBUG 174948 --- [           main] o.s.w.s.h.BeanNameUrlHandlerMapping      : Rejected bean name 'requestMappingHandlerAdapter': no URL paths identified
2019-01-21 20:46:54.629 DEBUG 174948 --- [           main] o.s.w.s.h.BeanNameUrlHandlerMapping      : Rejected bean name 'requestMappingHandlerMapping': no URL paths identified
2019-01-21 20:46:54.629 DEBUG 174948 --- [           main] o.s.w.s.h.BeanNameUrlHandlerMapping      : Rejected bean name 'mvcContentNegotiationManager': no URL paths identified
2019-01-21 20:46:54.629 DEBUG 174948 --- [           main] o.s.w.s.h.BeanNameUrlHandlerMapping      : Rejected bean name 'viewControllerHandlerMapping': no URL paths identified
2019-01-21 20:46:54.629 DEBUG 174948 --- [           main] o.s.w.s.h.BeanNameUrlHandlerMapping      : Rejected bean name 'beanNameHandlerMapping': no URL paths identified
2019-01-21 20:46:54.629 DEBUG 174948 --- [           main] o.s.w.s.h.BeanNameUrlHandlerMapping      : Rejected bean name 'resourceHandlerMapping': no URL paths identified
2019-01-21 20:46:54.629 DEBUG 174948 --- [           main] o.s.w.s.h.BeanNameUrlHandlerMapping      : Rejected bean name 'mvcResourceUrlProvider': no URL paths identified
2019-01-21 20:46:54.629 DEBUG 174948 --- [           main] o.s.w.s.h.BeanNameUrlHandlerMapping      : Rejected bean name 'defaultServletHandlerMapping': no URL paths identified
2019-01-21 20:46:54.629 DEBUG 174948 --- [           main] o.s.w.s.h.BeanNameUrlHandlerMapping      : Rejected bean name 'mvcConversionService': no URL paths identified
2019-01-21 20:46:54.629 DEBUG 174948 --- [           main] o.s.w.s.h.BeanNameUrlHandlerMapping      : Rejected bean name 'mvcValidator': no URL paths identified
2019-01-21 20:46:54.629 DEBUG 174948 --- [           main] o.s.w.s.h.BeanNameUrlHandlerMapping      : Rejected bean name 'mvcPathMatcher': no URL paths identified
2019-01-21 20:46:54.629 DEBUG 174948 --- [           main] o.s.w.s.h.BeanNameUrlHandlerMapping      : Rejected bean name 'mvcUrlPathHelper': no URL paths identified
2019-01-21 20:46:54.629 DEBUG 174948 --- [           main] o.s.w.s.h.BeanNameUrlHandlerMapping      : Rejected bean name 'mvcUriComponentsContributor': no URL paths identified
2019-01-21 20:46:54.630 DEBUG 174948 --- [           main] o.s.w.s.h.BeanNameUrlHandlerMapping      : Rejected bean name 'httpRequestHandlerAdapter': no URL paths identified
2019-01-21 20:46:54.630 DEBUG 174948 --- [           main] o.s.w.s.h.BeanNameUrlHandlerMapping      : Rejected bean name 'simpleControllerHandlerAdapter': no URL paths identified
2019-01-21 20:46:54.630 DEBUG 174948 --- [           main] o.s.w.s.h.BeanNameUrlHandlerMapping      : Rejected bean name 'handlerExceptionResolver': no URL paths identified
2019-01-21 20:46:54.630 DEBUG 174948 --- [           main] o.s.w.s.h.BeanNameUrlHandlerMapping      : Rejected bean name 'mvcViewResolver': no URL paths identified
2019-01-21 20:46:54.630 DEBUG 174948 --- [           main] o.s.w.s.h.BeanNameUrlHandlerMapping      : Rejected bean name 'org.springframework.boot.autoconfigure.web.WebMvcAutoConfiguration$WebMvcAutoConfigurationAdapter$FaviconConfiguration': no URL paths identified
2019-01-21 20:46:54.630 DEBUG 174948 --- [           main] o.s.w.s.h.BeanNameUrlHandlerMapping      : Rejected bean name 'faviconHandlerMapping': no URL paths identified
2019-01-21 20:46:54.630 DEBUG 174948 --- [           main] o.s.w.s.h.BeanNameUrlHandlerMapping      : Rejected bean name 'faviconRequestHandler': no URL paths identified
2019-01-21 20:46:54.630 DEBUG 174948 --- [           main] o.s.w.s.h.BeanNameUrlHandlerMapping      : Rejected bean name 'org.springframework.boot.autoconfigure.web.WebMvcAutoConfiguration$WebMvcAutoConfigurationAdapter': no URL paths identified
2019-01-21 20:46:54.630 DEBUG 174948 --- [           main] o.s.w.s.h.BeanNameUrlHandlerMapping      : Rejected bean name 'defaultViewResolver': no URL paths identified
2019-01-21 20:46:54.630 DEBUG 174948 --- [           main] o.s.w.s.h.BeanNameUrlHandlerMapping      : Rejected bean name 'requestContextFilter': no URL paths identified
2019-01-21 20:46:54.630 DEBUG 174948 --- [           main] o.s.w.s.h.BeanNameUrlHandlerMapping      : Rejected bean name 'viewResolver': no URL paths identified
2019-01-21 20:46:54.630 DEBUG 174948 --- [           main] o.s.w.s.h.BeanNameUrlHandlerMapping      : Rejected bean name 'spring.resources.CONFIGURATION_PROPERTIES': no URL paths identified
2019-01-21 20:46:54.630 DEBUG 174948 --- [           main] o.s.w.s.h.BeanNameUrlHandlerMapping      : Rejected bean name 'org.springframework.boot.autoconfigure.web.WebMvcAutoConfiguration': no URL paths identified
2019-01-21 20:46:54.630 DEBUG 174948 --- [           main] o.s.w.s.h.BeanNameUrlHandlerMapping      : Rejected bean name 'hiddenHttpMethodFilter': no URL paths identified
2019-01-21 20:46:54.630 DEBUG 174948 --- [           main] o.s.w.s.h.BeanNameUrlHandlerMapping      : Rejected bean name 'httpPutFormContentFilter': no URL paths identified
2019-01-21 20:46:54.630 DEBUG 174948 --- [           main] o.s.w.s.h.BeanNameUrlHandlerMapping      : Rejected bean name 'org.springframework.boot.autoconfigure.aop.AopAutoConfiguration$JdkDynamicAutoProxyConfiguration': no URL paths identified
2019-01-21 20:46:54.630 DEBUG 174948 --- [           main] o.s.w.s.h.BeanNameUrlHandlerMapping      : Rejected bean name 'org.springframework.aop.config.internalAutoProxyCreator': no URL paths identified
2019-01-21 20:46:54.630 DEBUG 174948 --- [           main] o.s.w.s.h.BeanNameUrlHandlerMapping      : Rejected bean name 'org.springframework.boot.autoconfigure.aop.AopAutoConfiguration': no URL paths identified
2019-01-21 20:46:54.630 DEBUG 174948 --- [           main] o.s.w.s.h.BeanNameUrlHandlerMapping      : Rejected bean name 'org.springframework.boot.autoconfigure.transaction.jta.JtaAutoConfiguration': no URL paths identified
2019-01-21 20:46:54.630 DEBUG 174948 --- [           main] o.s.w.s.h.BeanNameUrlHandlerMapping      : Rejected bean name 'spring.jta.CONFIGURATION_PROPERTIES': no URL paths identified
2019-01-21 20:46:54.630 DEBUG 174948 --- [           main] o.s.w.s.h.BeanNameUrlHandlerMapping      : Rejected bean name 'org.springframework.boot.autoconfigure.jdbc.DataSourceAutoConfiguration$JdbcTemplateConfiguration': no URL paths identified
2019-01-21 20:46:54.630 DEBUG 174948 --- [           main] o.s.w.s.h.BeanNameUrlHandlerMapping      : Rejected bean name 'jdbcTemplate': no URL paths identified
2019-01-21 20:46:54.630 DEBUG 174948 --- [           main] o.s.w.s.h.BeanNameUrlHandlerMapping      : Rejected bean name 'namedParameterJdbcTemplate': no URL paths identified
2019-01-21 20:46:54.630 DEBUG 174948 --- [           main] o.s.w.s.h.BeanNameUrlHandlerMapping      : Rejected bean name 'org.springframework.boot.autoconfigure.jdbc.DataSourceAutoConfiguration$DataSourceInitializerConfiguration': no URL paths identified
2019-01-21 20:46:54.631 DEBUG 174948 --- [           main] o.s.w.s.h.BeanNameUrlHandlerMapping      : Rejected bean name 'dataSourceInitializer': no URL paths identified
2019-01-21 20:46:54.631 DEBUG 174948 --- [           main] o.s.w.s.h.BeanNameUrlHandlerMapping      : Rejected bean name 'org.springframework.boot.autoconfigure.jdbc.metadata.DataSourcePoolMetadataProvidersConfiguration$TomcatDataSourcePoolMetadataProviderConfiguration': no URL paths identified
2019-01-21 20:46:54.631 DEBUG 174948 --- [           main] o.s.w.s.h.BeanNameUrlHandlerMapping      : Rejected bean name 'tomcatPoolDataSourceMetadataProvider': no URL paths identified
2019-01-21 20:46:54.631 DEBUG 174948 --- [           main] o.s.w.s.h.BeanNameUrlHandlerMapping      : Rejected bean name 'org.springframework.boot.autoconfigure.jdbc.metadata.DataSourcePoolMetadataProvidersConfiguration': no URL paths identified
2019-01-21 20:46:54.632 DEBUG 174948 --- [           main] o.s.w.s.h.BeanNameUrlHandlerMapping      : Rejected bean name 'org.springframework.boot.autoconfigure.jdbc.DataSourceAutoConfiguration': no URL paths identified
2019-01-21 20:46:54.632 DEBUG 174948 --- [           main] o.s.w.s.h.BeanNameUrlHandlerMapping      : Rejected bean name 'spring.datasource.CONFIGURATION_PROPERTIES': no URL paths identified
2019-01-21 20:46:54.632 DEBUG 174948 --- [           main] o.s.w.s.h.BeanNameUrlHandlerMapping      : Rejected bean name 'dataSourceInitializerPostProcessor': no URL paths identified
2019-01-21 20:46:54.632 DEBUG 174948 --- [           main] o.s.w.s.h.BeanNameUrlHandlerMapping      : Rejected bean name 'org.springframework.boot.autoconfigure.orm.jpa.JpaBaseConfiguration$JpaWebConfiguration$JpaWebMvcConfiguration': no URL paths identified
2019-01-21 20:46:54.632 DEBUG 174948 --- [           main] o.s.w.s.h.BeanNameUrlHandlerMapping      : Rejected bean name 'openEntityManagerInViewInterceptor': no URL paths identified
2019-01-21 20:46:54.632 DEBUG 174948 --- [           main] o.s.w.s.h.BeanNameUrlHandlerMapping      : Rejected bean name 'org.springframework.boot.autoconfigure.orm.jpa.JpaBaseConfiguration$JpaWebConfiguration': no URL paths identified
2019-01-21 20:46:54.632 DEBUG 174948 --- [           main] o.s.w.s.h.BeanNameUrlHandlerMapping      : Rejected bean name 'org.springframework.boot.autoconfigure.orm.jpa.HibernateJpaAutoConfiguration': no URL paths identified
2019-01-21 20:46:54.632 DEBUG 174948 --- [           main] o.s.w.s.h.BeanNameUrlHandlerMapping      : Rejected bean name 'transactionManager': no URL paths identified
2019-01-21 20:46:54.632 DEBUG 174948 --- [           main] o.s.w.s.h.BeanNameUrlHandlerMapping      : Rejected bean name 'jpaVendorAdapter': no URL paths identified
2019-01-21 20:46:54.632 DEBUG 174948 --- [           main] o.s.w.s.h.BeanNameUrlHandlerMapping      : Rejected bean name 'entityManagerFactoryBuilder': no URL paths identified
2019-01-21 20:46:54.632 DEBUG 174948 --- [           main] o.s.w.s.h.BeanNameUrlHandlerMapping      : Rejected bean name 'entityManagerFactory': no URL paths identified
2019-01-21 20:46:54.632 DEBUG 174948 --- [           main] o.s.w.s.h.BeanNameUrlHandlerMapping      : Rejected bean name 'spring.jpa.CONFIGURATION_PROPERTIES': no URL paths identified
2019-01-21 20:46:54.632 DEBUG 174948 --- [           main] o.s.w.s.h.BeanNameUrlHandlerMapping      : Rejected bean name 'dataSourceInitializedPublisher': no URL paths identified
2019-01-21 20:46:54.632 DEBUG 174948 --- [           main] o.s.w.s.h.BeanNameUrlHandlerMapping      : Rejected bean name 'org.springframework.boot.autoconfigure.context.ConfigurationPropertiesAutoConfiguration': no URL paths identified
2019-01-21 20:46:54.633 DEBUG 174948 --- [           main] o.s.w.s.h.BeanNameUrlHandlerMapping      : Rejected bean name 'org.springframework.boot.autoconfigure.dao.PersistenceExceptionTranslationAutoConfiguration': no URL paths identified
2019-01-21 20:46:54.633 DEBUG 174948 --- [           main] o.s.w.s.h.BeanNameUrlHandlerMapping      : Rejected bean name 'persistenceExceptionTranslationPostProcessor': no URL paths identified
2019-01-21 20:46:54.633 DEBUG 174948 --- [           main] o.s.w.s.h.BeanNameUrlHandlerMapping      : Rejected bean name 'org.springframework.boot.autoconfigure.data.jpa.JpaRepositoriesAutoConfiguration': no URL paths identified
2019-01-21 20:46:54.633 DEBUG 174948 --- [           main] o.s.w.s.h.BeanNameUrlHandlerMapping      : Rejected bean name 'org.springframework.data.repository.core.support.RepositoryInterfaceAwareBeanPostProcessor': no URL paths identified
2019-01-21 20:46:54.633 DEBUG 174948 --- [           main] o.s.w.s.h.BeanNameUrlHandlerMapping      : Rejected bean name 'emBeanDefinitionRegistrarPostProcessor': no URL paths identified
2019-01-21 20:46:54.633 DEBUG 174948 --- [           main] o.s.w.s.h.BeanNameUrlHandlerMapping      : Rejected bean name 'jpaMappingContext': no URL paths identified
2019-01-21 20:46:54.633 DEBUG 174948 --- [           main] o.s.w.s.h.BeanNameUrlHandlerMapping      : Rejected bean name 'jpaContext': no URL paths identified
2019-01-21 20:46:54.633 DEBUG 174948 --- [           main] o.s.w.s.h.BeanNameUrlHandlerMapping      : Rejected bean name 'shipwreckRepository': no URL paths identified
2019-01-21 20:46:54.633 DEBUG 174948 --- [           main] o.s.w.s.h.BeanNameUrlHandlerMapping      : Rejected bean name 'org.springframework.boot.autoconfigure.jackson.JacksonAutoConfiguration$JacksonObjectMapperBuilderConfiguration': no URL paths identified
2019-01-21 20:46:54.633 DEBUG 174948 --- [           main] o.s.w.s.h.BeanNameUrlHandlerMapping      : Rejected bean name 'jacksonObjectMapperBuilder': no URL paths identified
2019-01-21 20:46:54.633 DEBUG 174948 --- [           main] o.s.w.s.h.BeanNameUrlHandlerMapping      : Rejected bean name 'spring.jackson.CONFIGURATION_PROPERTIES': no URL paths identified
2019-01-21 20:46:54.633 DEBUG 174948 --- [           main] o.s.w.s.h.BeanNameUrlHandlerMapping      : Rejected bean name 'org.springframework.boot.autoconfigure.jackson.JacksonAutoConfiguration$JacksonObjectMapperConfiguration': no URL paths identified
2019-01-21 20:46:54.633 DEBUG 174948 --- [           main] o.s.w.s.h.BeanNameUrlHandlerMapping      : Rejected bean name 'jacksonObjectMapper': no URL paths identified
2019-01-21 20:46:54.633 DEBUG 174948 --- [           main] o.s.w.s.h.BeanNameUrlHandlerMapping      : Rejected bean name 'org.springframework.boot.autoconfigure.jackson.JacksonAutoConfiguration': no URL paths identified
2019-01-21 20:46:54.633 DEBUG 174948 --- [           main] o.s.w.s.h.BeanNameUrlHandlerMapping      : Rejected bean name 'org.springframework.boot.autoconfigure.web.HttpMessageConvertersAutoConfiguration$StringHttpMessageConverterConfiguration': no URL paths identified
2019-01-21 20:46:54.634 DEBUG 174948 --- [           main] o.s.w.s.h.BeanNameUrlHandlerMapping      : Rejected bean name 'stringHttpMessageConverter': no URL paths identified
2019-01-21 20:46:54.634 DEBUG 174948 --- [           main] o.s.w.s.h.BeanNameUrlHandlerMapping      : Rejected bean name 'spring.http.encoding.CONFIGURATION_PROPERTIES': no URL paths identified
2019-01-21 20:46:54.634 DEBUG 174948 --- [           main] o.s.w.s.h.BeanNameUrlHandlerMapping      : Rejected bean name 'org.springframework.boot.autoconfigure.web.JacksonHttpMessageConvertersConfiguration$MappingJackson2HttpMessageConverterConfiguration': no URL paths identified
2019-01-21 20:46:54.634 DEBUG 174948 --- [           main] o.s.w.s.h.BeanNameUrlHandlerMapping      : Rejected bean name 'mappingJackson2HttpMessageConverter': no URL paths identified
2019-01-21 20:46:54.634 DEBUG 174948 --- [           main] o.s.w.s.h.BeanNameUrlHandlerMapping      : Rejected bean name 'org.springframework.boot.autoconfigure.web.JacksonHttpMessageConvertersConfiguration': no URL paths identified
2019-01-21 20:46:54.635 DEBUG 174948 --- [           main] o.s.w.s.h.BeanNameUrlHandlerMapping      : Rejected bean name 'org.springframework.boot.autoconfigure.web.HttpMessageConvertersAutoConfiguration': no URL paths identified
2019-01-21 20:46:54.635 DEBUG 174948 --- [           main] o.s.w.s.h.BeanNameUrlHandlerMapping      : Rejected bean name 'messageConverters': no URL paths identified
2019-01-21 20:46:54.635 DEBUG 174948 --- [           main] o.s.w.s.h.BeanNameUrlHandlerMapping      : Rejected bean name 'org.springframework.data.web.config.SpringDataWebConfiguration': no URL paths identified
2019-01-21 20:46:54.635 DEBUG 174948 --- [           main] o.s.w.s.h.BeanNameUrlHandlerMapping      : Rejected bean name 'pageableResolver': no URL paths identified
2019-01-21 20:46:54.635 DEBUG 174948 --- [           main] o.s.w.s.h.BeanNameUrlHandlerMapping      : Rejected bean name 'sortResolver': no URL paths identified
2019-01-21 20:46:54.636 DEBUG 174948 --- [           main] o.s.w.s.h.BeanNameUrlHandlerMapping      : Rejected bean name 'org.springframework.data.web.config.SpringDataJacksonConfiguration': no URL paths identified
2019-01-21 20:46:54.636 DEBUG 174948 --- [           main] o.s.w.s.h.BeanNameUrlHandlerMapping      : Rejected bean name 'jacksonGeoModule': no URL paths identified
2019-01-21 20:46:54.636 DEBUG 174948 --- [           main] o.s.w.s.h.BeanNameUrlHandlerMapping      : Rejected bean name 'org.springframework.boot.autoconfigure.data.web.SpringDataWebAutoConfiguration': no URL paths identified
2019-01-21 20:46:54.636 DEBUG 174948 --- [           main] o.s.w.s.h.BeanNameUrlHandlerMapping      : Rejected bean name 'org.springframework.boot.autoconfigure.flyway.FlywayAutoConfiguration$FlywayJpaDependencyConfiguration': no URL paths identified
2019-01-21 20:46:54.636 DEBUG 174948 --- [           main] o.s.w.s.h.BeanNameUrlHandlerMapping      : Rejected bean name 'org.springframework.boot.autoconfigure.flyway.FlywayAutoConfiguration$FlywayConfiguration$FlywayInitializerJpaDependencyConfiguration': no URL paths identified
2019-01-21 20:46:54.636 DEBUG 174948 --- [           main] o.s.w.s.h.BeanNameUrlHandlerMapping      : Rejected bean name 'org.springframework.boot.autoconfigure.flyway.FlywayAutoConfiguration$FlywayConfiguration': no URL paths identified
2019-01-21 20:46:54.636 DEBUG 174948 --- [           main] o.s.w.s.h.BeanNameUrlHandlerMapping      : Rejected bean name 'flyway': no URL paths identified
2019-01-21 20:46:54.636 DEBUG 174948 --- [           main] o.s.w.s.h.BeanNameUrlHandlerMapping      : Rejected bean name 'flywayInitializer': no URL paths identified
2019-01-21 20:46:54.636 DEBUG 174948 --- [           main] o.s.w.s.h.BeanNameUrlHandlerMapping      : Rejected bean name 'flyway.CONFIGURATION_PROPERTIES': no URL paths identified
2019-01-21 20:46:54.636 DEBUG 174948 --- [           main] o.s.w.s.h.BeanNameUrlHandlerMapping      : Rejected bean name 'org.springframework.boot.autoconfigure.flyway.FlywayAutoConfiguration': no URL paths identified
2019-01-21 20:46:54.636 DEBUG 174948 --- [           main] o.s.w.s.h.BeanNameUrlHandlerMapping      : Rejected bean name 'stringToMigrationVersionConverter': no URL paths identified
2019-01-21 20:46:54.636 DEBUG 174948 --- [           main] o.s.w.s.h.BeanNameUrlHandlerMapping      : Rejected bean name 'org.springframework.boot.autoconfigure.h2.H2ConsoleAutoConfiguration': no URL paths identified
2019-01-21 20:46:54.636 DEBUG 174948 --- [           main] o.s.w.s.h.BeanNameUrlHandlerMapping      : Rejected bean name 'h2Console': no URL paths identified
2019-01-21 20:46:54.636 DEBUG 174948 --- [           main] o.s.w.s.h.BeanNameUrlHandlerMapping      : Rejected bean name 'spring.h2.console.CONFIGURATION_PROPERTIES': no URL paths identified
2019-01-21 20:46:54.637 DEBUG 174948 --- [           main] o.s.w.s.h.BeanNameUrlHandlerMapping      : Rejected bean name 'org.springframework.transaction.annotation.ProxyTransactionManagementConfiguration': no URL paths identified
2019-01-21 20:46:54.637 DEBUG 174948 --- [           main] o.s.w.s.h.BeanNameUrlHandlerMapping      : Rejected bean name 'org.springframework.transaction.config.internalTransactionAdvisor': no URL paths identified
2019-01-21 20:46:54.637 DEBUG 174948 --- [           main] o.s.w.s.h.BeanNameUrlHandlerMapping      : Rejected bean name 'transactionAttributeSource': no URL paths identified
2019-01-21 20:46:54.637 DEBUG 174948 --- [           main] o.s.w.s.h.BeanNameUrlHandlerMapping      : Rejected bean name 'transactionInterceptor': no URL paths identified
2019-01-21 20:46:54.637 DEBUG 174948 --- [           main] o.s.w.s.h.BeanNameUrlHandlerMapping      : Rejected bean name 'org.springframework.transaction.config.internalTransactionalEventListenerFactory': no URL paths identified
2019-01-21 20:46:54.637 DEBUG 174948 --- [           main] o.s.w.s.h.BeanNameUrlHandlerMapping      : Rejected bean name 'org.springframework.boot.autoconfigure.jdbc.DataSourceTransactionManagerAutoConfiguration$TransactionManagementConfiguration': no URL paths identified
2019-01-21 20:46:54.637 DEBUG 174948 --- [           main] o.s.w.s.h.BeanNameUrlHandlerMapping      : Rejected bean name 'org.springframework.boot.autoconfigure.jdbc.DataSourceTransactionManagerAutoConfiguration': no URL paths identified
2019-01-21 20:46:54.637 DEBUG 174948 --- [           main] o.s.w.s.h.BeanNameUrlHandlerMapping      : Rejected bean name 'org.springframework.boot.autoconfigure.transaction.TransactionAutoConfiguration': no URL paths identified
2019-01-21 20:46:54.637 DEBUG 174948 --- [           main] o.s.w.s.h.BeanNameUrlHandlerMapping      : Rejected bean name 'transactionTemplate': no URL paths identified
2019-01-21 20:46:54.637 DEBUG 174948 --- [           main] o.s.w.s.h.BeanNameUrlHandlerMapping      : Rejected bean name 'org.springframework.boot.autoconfigure.web.HttpEncodingAutoConfiguration': no URL paths identified
2019-01-21 20:46:54.637 DEBUG 174948 --- [           main] o.s.w.s.h.BeanNameUrlHandlerMapping      : Rejected bean name 'characterEncodingFilter': no URL paths identified
2019-01-21 20:46:54.637 DEBUG 174948 --- [           main] o.s.w.s.h.BeanNameUrlHandlerMapping      : Rejected bean name 'org.springframework.boot.autoconfigure.web.MultipartAutoConfiguration': no URL paths identified
2019-01-21 20:46:54.637 DEBUG 174948 --- [           main] o.s.w.s.h.BeanNameUrlHandlerMapping      : Rejected bean name 'multipartConfigElement': no URL paths identified
2019-01-21 20:46:54.638 DEBUG 174948 --- [           main] o.s.w.s.h.BeanNameUrlHandlerMapping      : Rejected bean name 'multipartResolver': no URL paths identified
2019-01-21 20:46:54.638 DEBUG 174948 --- [           main] o.s.w.s.h.BeanNameUrlHandlerMapping      : Rejected bean name 'multipart.CONFIGURATION_PROPERTIES': no URL paths identified
2019-01-21 20:46:54.638 DEBUG 174948 --- [           main] o.s.w.s.h.BeanNameUrlHandlerMapping      : Rejected bean name 'org.springframework.boot.autoconfigure.web.ServerPropertiesAutoConfiguration': no URL paths identified
2019-01-21 20:46:54.638 DEBUG 174948 --- [           main] o.s.w.s.h.BeanNameUrlHandlerMapping      : Rejected bean name 'serverProperties': no URL paths identified
2019-01-21 20:46:54.638 DEBUG 174948 --- [           main] o.s.w.s.h.BeanNameUrlHandlerMapping      : Rejected bean name 'duplicateServerPropertiesDetector': no URL paths identified
2019-01-21 20:46:54.638 DEBUG 174948 --- [           main] o.s.w.s.h.BeanNameUrlHandlerMapping      : Rejected bean name 'org.springframework.orm.jpa.SharedEntityManagerCreator#0': no URL paths identified
2019-01-21 20:46:54.638 DEBUG 174948 --- [           main] o.s.w.s.h.BeanNameUrlHandlerMapping      : Rejected bean name 'autoConfigurationReport': no URL paths identified
2019-01-21 20:46:54.638 DEBUG 174948 --- [           main] o.s.w.s.h.BeanNameUrlHandlerMapping      : Rejected bean name 'applicationEventMulticaster': no URL paths identified
2019-01-21 20:46:54.638 DEBUG 174948 --- [           main] o.s.w.s.h.BeanNameUrlHandlerMapping      : Rejected bean name 'springApplicationArguments': no URL paths identified
2019-01-21 20:46:54.638 DEBUG 174948 --- [           main] o.s.w.s.h.BeanNameUrlHandlerMapping      : Rejected bean name 'springBootLoggingSystem': no URL paths identified
2019-01-21 20:46:54.638 DEBUG 174948 --- [           main] o.s.w.s.h.BeanNameUrlHandlerMapping      : Rejected bean name 'environment': no URL paths identified
2019-01-21 20:46:54.638 DEBUG 174948 --- [           main] o.s.w.s.h.BeanNameUrlHandlerMapping      : Rejected bean name 'systemProperties': no URL paths identified
2019-01-21 20:46:54.638 DEBUG 174948 --- [           main] o.s.w.s.h.BeanNameUrlHandlerMapping      : Rejected bean name 'systemEnvironment': no URL paths identified
2019-01-21 20:46:54.638 DEBUG 174948 --- [           main] o.s.w.s.h.BeanNameUrlHandlerMapping      : Rejected bean name 'org.springframework.context.annotation.ConfigurationClassPostProcessor.importRegistry': no URL paths identified
2019-01-21 20:46:54.638 DEBUG 174948 --- [           main] o.s.w.s.h.BeanNameUrlHandlerMapping      : Rejected bean name 'messageSource': no URL paths identified
2019-01-21 20:46:54.639 DEBUG 174948 --- [           main] o.s.w.s.h.BeanNameUrlHandlerMapping      : Rejected bean name 'servletContext': no URL paths identified
2019-01-21 20:46:54.639 DEBUG 174948 --- [           main] o.s.w.s.h.BeanNameUrlHandlerMapping      : Rejected bean name 'contextParameters': no URL paths identified
2019-01-21 20:46:54.639 DEBUG 174948 --- [           main] o.s.w.s.h.BeanNameUrlHandlerMapping      : Rejected bean name 'contextAttributes': no URL paths identified
2019-01-21 20:46:54.644  INFO 174948 --- [           main] o.s.w.s.handler.SimpleUrlHandlerMapping  : Mapped URL path [/webjars/**] onto handler of type [class org.springframework.web.servlet.resource.ResourceHttpRequestHandler]
2019-01-21 20:46:54.644  INFO 174948 --- [           main] o.s.w.s.handler.SimpleUrlHandlerMapping  : Mapped URL path [/**] onto handler of type [class org.springframework.web.servlet.resource.ResourceHttpRequestHandler]
2019-01-21 20:46:54.662 DEBUG 174948 --- [           main] .m.m.a.ExceptionHandlerExceptionResolver : Looking for exception mappings: org.springframework.boot.context.embedded.AnnotationConfigEmbeddedWebApplicationContext@957e06: startup date [Mon Jan 21 20:46:51 EST 2019]; root of context hierarchy
2019-01-21 20:46:54.689  INFO 174948 --- [           main] o.s.w.s.handler.SimpleUrlHandlerMapping  : Mapped URL path [/**/favicon.ico] onto handler of type [class org.springframework.web.servlet.resource.ResourceHttpRequestHandler]
2019-01-21 20:46:54.872 DEBUG 174948 --- [           main] o.s.w.s.resource.ResourceUrlProvider     : Looking for resource handler mappings
2019-01-21 20:46:54.873 DEBUG 174948 --- [           main] o.s.w.s.resource.ResourceUrlProvider     : Found resource handler mapping: URL pattern="/**/favicon.ico", locations=[class path resource [META-INF/resources/], class path resource [resources/], class path resource [static/], class path resource [public/], class path resource []], resolvers=[org.springframework.web.servlet.resource.PathResourceResolver@1e721583]
2019-01-21 20:46:54.873 DEBUG 174948 --- [           main] o.s.w.s.resource.ResourceUrlProvider     : Found resource handler mapping: URL pattern="/webjars/**", locations=[class path resource [META-INF/resources/webjars/]], resolvers=[org.springframework.web.servlet.resource.PathResourceResolver@79f5a6ed]
2019-01-21 20:46:54.873 DEBUG 174948 --- [           main] o.s.w.s.resource.ResourceUrlProvider     : Found resource handler mapping: URL pattern="/**", locations=[ServletContext resource [/], class path resource [META-INF/resources/], class path resource [resources/], class path resource [static/], class path resource [public/]], resolvers=[org.springframework.web.servlet.resource.PathResourceResolver@722787b5]
2019-01-21 20:46:54.942  INFO 174948 --- [           main] s.b.c.e.t.TomcatEmbeddedServletContainer : Tomcat started on port(s): 8080 (http)
2019-01-21 20:46:54.945  INFO 174948 --- [           main] .b.ShipwreckControllerWebIntegrationTest : Started ShipwreckControllerWebIntegrationTest in 4.0 seconds (JVM running for 4.674)
2019-01-21 20:46:55.053 DEBUG 174948 --- [nio-8080-exec-1] o.s.web.servlet.DispatcherServlet        : Initializing servlet 'dispatcherServlet'
2019-01-21 20:46:55.054  INFO 174948 --- [nio-8080-exec-1] o.a.c.c.C.[Tomcat].[localhost].[/]       : Initializing Spring FrameworkServlet 'dispatcherServlet'
2019-01-21 20:46:55.054  INFO 174948 --- [nio-8080-exec-1] o.s.web.servlet.DispatcherServlet        : FrameworkServlet 'dispatcherServlet': initialization started
2019-01-21 20:46:55.054 DEBUG 174948 --- [nio-8080-exec-1] o.s.web.servlet.DispatcherServlet        : Using MultipartResolver [org.springframework.web.multipart.support.StandardServletMultipartResolver@2d3e80ba]
2019-01-21 20:46:55.057 DEBUG 174948 --- [nio-8080-exec-1] o.s.web.servlet.DispatcherServlet        : Unable to locate LocaleResolver with name 'localeResolver': using default [org.springframework.web.servlet.i18n.AcceptHeaderLocaleResolver@73b1c447]
2019-01-21 20:46:55.060 DEBUG 174948 --- [nio-8080-exec-1] o.s.web.servlet.DispatcherServlet        : Unable to locate ThemeResolver with name 'themeResolver': using default [org.springframework.web.servlet.theme.FixedThemeResolver@2e4734bd]
2019-01-21 20:46:55.064 DEBUG 174948 --- [nio-8080-exec-1] o.s.web.servlet.DispatcherServlet        : Unable to locate RequestToViewNameTranslator with name 'viewNameTranslator': using default [org.springframework.web.servlet.view.DefaultRequestToViewNameTranslator@20b04e68]
2019-01-21 20:46:55.072 DEBUG 174948 --- [nio-8080-exec-1] o.s.web.servlet.DispatcherServlet        : Unable to locate FlashMapManager with name 'flashMapManager': using default [org.springframework.web.servlet.support.SessionFlashMapManager@60553245]
2019-01-21 20:46:55.072 DEBUG 174948 --- [nio-8080-exec-1] o.s.web.servlet.DispatcherServlet        : Published WebApplicationContext of servlet 'dispatcherServlet' as ServletContext attribute with name [org.springframework.web.servlet.FrameworkServlet.CONTEXT.dispatcherServlet]
2019-01-21 20:46:55.072  INFO 174948 --- [nio-8080-exec-1] o.s.web.servlet.DispatcherServlet        : FrameworkServlet 'dispatcherServlet': initialization completed in 18 ms
2019-01-21 20:46:55.073 DEBUG 174948 --- [nio-8080-exec-1] o.s.web.servlet.DispatcherServlet        : Servlet 'dispatcherServlet' configured successfully
2019-01-21 20:46:55.085 DEBUG 174948 --- [nio-8080-exec-1] o.s.web.servlet.DispatcherServlet        : DispatcherServlet with name 'dispatcherServlet' processing GET request for [/api/v1/shipwrecks]
2019-01-21 20:46:55.088 DEBUG 174948 --- [nio-8080-exec-1] s.w.s.m.m.a.RequestMappingHandlerMapping : Looking up handler method for path /api/v1/shipwrecks
2019-01-21 20:46:55.090 DEBUG 174948 --- [nio-8080-exec-1] s.w.s.m.m.a.RequestMappingHandlerMapping : Returning handler method [public java.util.List<com.boot.model.Shipwreck> com.boot.controller.ShipwreckController.list()]
2019-01-21 20:46:55.091 DEBUG 174948 --- [nio-8080-exec-1] o.s.web.servlet.DispatcherServlet        : Last-Modified value for [/api/v1/shipwrecks] is: -1
2019-01-21 20:46:55.381 DEBUG 174948 --- [nio-8080-exec-1] m.m.a.RequestResponseBodyMethodProcessor : Written [[com.boot.model.Shipwreck@afb0c68]] as "application/json;charset=UTF-8" using [org.springframework.http.converter.json.MappingJackson2HttpMessageConverter@7b58103]
2019-01-21 20:46:55.381 DEBUG 174948 --- [nio-8080-exec-1] o.s.web.servlet.DispatcherServlet        : Null ModelAndView returned to DispatcherServlet with name 'dispatcherServlet': assuming HandlerAdapter completed request handling
2019-01-21 20:46:55.382 DEBUG 174948 --- [nio-8080-exec-1] o.s.web.servlet.DispatcherServlet        : Successfully completed request
]]></system-out>
  </testcase>
</testsuite>